-------------------------------------------------------------------------------
FP114
Running /projects/dsnlab/shared/FP/FP_scripts/fMRI/ppc/smooth/smooth_2mm.m
-------------------------------------------------------------------------------

                            < M A T L A B (R) >
                  Copyright 1984-2018 The MathWorks, Inc.
                   R2018b (9.5.0.944444) 64-bit (glnxa64)
                              August 28, 2018

[Warning: Unable to load Toolbox Path Cache
/home/dcosme/.matlab/R2018b/toolbox_cache-9.5.0-1715511933-glnxa64.xml. The
cache file is not in the correct format. It will be regenerated upon quitting
MATLAB.] 
 
To get started, type doc.
For product information, visit www.mathworks.com.
 


------------------------------------------------------------------------
Running job #1
------------------------------------------------------------------------
Running 'File Selector (Batch Mode)'
Done    'File Selector (Batch Mode)'
Running 'File Selector (Batch Mode)'
Done    'File Selector (Batch Mode)'
Running 'Gunzip Files'
Done    'Gunzip Files'
Running 'Gunzip Files'
Failed  'Gunzip Files'
Output argument "out" (and maybe others) not assigned during call to "cfg_run_gunzip_files".

Running 'Expand image frames'
Done    'Expand image frames'
No executable modules, but still unresolved dependencies or incomplete module inputs.
The following modules did not run:
Failed: Gunzip Files
Skipped: Expand image frames
Skipped: Smooth
Skipped: Smooth
Skipped: Move/Delete Files

{Error using MATLABbatch system
Job execution failed. The full log of this run can be found in MATLAB command
window, starting with the lines (look for the line showing the exact #job as
displayed in this error message)
------------------
Running job #1
------------------
} 
