-------------------------------------------------------------------------------
FP119
Running /projects/dsnlab/shared/FP/FP_scripts/fMRI/ppc/smooth/smooth_2mm.m
-------------------------------------------------------------------------------

                            < M A T L A B (R) >
                  Copyright 1984-2018 The MathWorks, Inc.
                   R2018b (9.5.0.944444) 64-bit (glnxa64)
                              August 28, 2018

[Warning: Unable to load Toolbox Path Cache
/home/dcosme/.matlab/R2018b/toolbox_cache-9.5.0-1715511933-glnxa64.xml. The
cache file is not in the correct format. It will be regenerated upon quitting
MATLAB.] 
 
To get started, type doc.
For product information, visit www.mathworks.com.
 


------------------------------------------------------------------------
Running job #1
------------------------------------------------------------------------
Running 'File Selector (Batch Mode)'
Done    'File Selector (Batch Mode)'
Running 'File Selector (Batch Mode)'
Done    'File Selector (Batch Mode)'
Running 'Gunzip Files'
Done    'Gunzip Files'
Running 'Gunzip Files'
Done    'Gunzip Files'
Running 'Expand image frames'
Done    'Expand image frames'
Running 'Expand image frames'
Done    'Expand image frames'
Running 'Smooth'
Done    'Smooth'
Running 'Smooth'
Done    'Smooth'
Running 'Move/Delete Files'
Done    'Move/Delete Files'
Done

