-------------------------------------------------------------------------------
089
Running /projects/dsnlab/shared/FP/FP_scripts/fMRI/fx/models/svc/wave1/fx_betaseries.m
-------------------------------------------------------------------------------

                            < M A T L A B (R) >
                  Copyright 1984-2018 The MathWorks, Inc.
                   R2018b (9.5.0.944444) 64-bit (glnxa64)
                              August 28, 2018

 
To get started, type doc.
For product information, visit www.mathworks.com.
 


------------------------------------------------------------------------
Running job #1
------------------------------------------------------------------------
Running 'Expand image frames'
Done    'Expand image frames'
Running 'Expand image frames'
Done    'Expand image frames'
Running 'fMRI model specification'
Failed  'fMRI model specification'
Error using spm_run_fmri_spec (line 154)
Multiple conditions MAT-file '/projects/dsnlab/shared/FP/FP_scripts/fMRI/fx/multiconds/svc/wave1/betaseries/FP089_wave1_SVC1.mat' is invalid:
File must contain names, onsets, and durations cell arrays of equal length.

In file "/gpfs/projects/dsnlab/shared/SPM12/config/spm_run_fmri_spec.m" (v6562), function "spm_run_fmri_spec" at line 154.

The following modules did not run:
Failed: fMRI model specification

{Error using MATLABbatch system
Job execution failed. The full log of this run can be found in MATLAB command
window, starting with the lines (look for the line showing the exact #job as
displayed in this error message)
------------------
Running job #1
------------------
} 
