-------------------------------------------------------------------------------
090
Running /projects/dsnlab/shared/FP/FP_scripts/fMRI/fx/models/svc/wave1/fx_event_noderiv.m
-------------------------------------------------------------------------------

                            < M A T L A B (R) >
                  Copyright 1984-2018 The MathWorks, Inc.
                   R2018b (9.5.0.944444) 64-bit (glnxa64)
                              August 28, 2018

 
To get started, type doc.
For product information, visit www.mathworks.com.
 


------------------------------------------------------------------------
Running job #1
------------------------------------------------------------------------
Running 'Expand image frames'
Done    'Expand image frames'
Running 'Expand image frames'
Done    'Expand image frames'
Running 'fMRI model specification'

SPM12: spm_fMRI_design (v5183)                     20:21:39 - 29/12/2018
========================================================================
Saving fMRI design                      :               ...SPM.mat saved

SPM12: spm_fmri_spm_ui (v6088)                     20:21:39 - 29/12/2018
========================================================================
Mapping files                           :                        ...done
Calculating globals                     :                        ...done
Saving SPM configuration                :               ...SPM.mat saved
Saving SPM configuration                :               ...SPM.mat saved
Completed                               :          20:21:46 - 29/12/2018
Done    'fMRI model specification'
Done

