-------------------------------------------------------------------------------
108
Running /projects/dsnlab/shared/FP/FP_scripts/fMRI/fx/models/svc/wave1/fx_event_cons.m
-------------------------------------------------------------------------------

                            < M A T L A B (R) >
                  Copyright 1984-2018 The MathWorks, Inc.
                   R2018b (9.5.0.944444) 64-bit (glnxa64)
                              August 28, 2018

 
To get started, type doc.
For product information, visit www.mathworks.com.
 


------------------------------------------------------------------------
Running job #1
------------------------------------------------------------------------
Running 'Model estimation'
Failed  'Model estimation'
Error using load
Unable to read file '/projects/dsnlab/shared/FP/nonbids_data/fMRI/fx/models/svc/wave1/event/sub-FP108/SPM.mat'. No such file or directory.
In file "/gpfs/projects/dsnlab/shared/SPM12/config/spm_run_fmri_est.m" (v5809), function "spm_run_fmri_est" at line 18.

No executable modules, but still unresolved dependencies or incomplete module inputs.
The following modules did not run:
Failed: Model estimation
Skipped: Contrast Manager

{Error using MATLABbatch system
Job execution failed. The full log of this run can be found in MATLAB command
window, starting with the lines (look for the line showing the exact #job as
displayed in this error message)
------------------
Running job #1
------------------
} 
-------------------------------------------------------------------------------
Merging residuals
-------------------------------------------------------------------------------
/cm/local/apps/slurm/var/spool/job2943894/slurm_script: line 40: cd: /projects/dsnlab/shared/FP/nonbids_data/fMRI/fx/models/svc/wave1/event/sub-FP108: No such file or directory
merging residuals for run1
Cannot open volume Res_0001 for reading!
rm: cannot remove ‘Res_0001.nii’: No such file or directory
rm: cannot remove ‘Res_0002.nii’: No such file or directory
rm: cannot remove ‘Res_0003.nii’: No such file or directory
rm: cannot remove ‘Res_0004.nii’: No such file or directory
rm: cannot remove ‘Res_0005.nii’: No such file or directory
rm: cannot remove ‘Res_0006.nii’: No such file or directory
rm: cannot remove ‘Res_0007.nii’: No such file or directory
rm: cannot remove ‘Res_0008.nii’: No such file or directory
rm: cannot remove ‘Res_0009.nii’: No such file or directory
rm: cannot remove ‘Res_0010.nii’: No such file or directory
rm: cannot remove ‘Res_0011.nii’: No such file or directory
rm: cannot remove ‘Res_0012.nii’: No such file or directory
rm: cannot remove ‘Res_0013.nii’: No such file or directory
rm: cannot remove ‘Res_0014.nii’: No such file or directory
rm: cannot remove ‘Res_0015.nii’: No such file or directory
rm: cannot remove ‘Res_0016.nii’: No such file or directory
rm: cannot remove ‘Res_0017.nii’: No such file or directory
rm: cannot remove ‘Res_0018.nii’: No such file or directory
rm: cannot remove ‘Res_0019.nii’: No such file or directory
rm: cannot remove ‘Res_0020.nii’: No such file or directory
rm: cannot remove ‘Res_0021.nii’: No such file or directory
rm: cannot remove ‘Res_0022.nii’: No such file or directory
rm: cannot remove ‘Res_0023.nii’: No such file or directory
rm: cannot remove ‘Res_0024.nii’: No such file or directory
rm: cannot remove ‘Res_0025.nii’: No such file or directory
rm: cannot remove ‘Res_0026.nii’: No such file or directory
rm: cannot remove ‘Res_0027.nii’: No such file or directory
rm: cannot remove ‘Res_0028.nii’: No such file or directory
rm: cannot remove ‘Res_0029.nii’: No such file or directory
rm: cannot remove ‘Res_0030.nii’: No such file or directory
rm: cannot remove ‘Res_0031.nii’: No such file or directory
rm: cannot remove ‘Res_0032.nii’: No such file or directory
rm: cannot remove ‘Res_0033.nii’: No such file or directory
rm: cannot remove ‘Res_0034.nii’: No such file or directory
rm: cannot remove ‘Res_0035.nii’: No such file or directory
rm: cannot remove ‘Res_0036.nii’: No such file or directory
rm: cannot remove ‘Res_0037.nii’: No such file or directory
rm: cannot remove ‘Res_0038.nii’: No such file or directory
rm: cannot remove ‘Res_0039.nii’: No such file or directory
rm: cannot remove ‘Res_0040.nii’: No such file or directory
rm: cannot remove ‘Res_0041.nii’: No such file or directory
rm: cannot remove ‘Res_0042.nii’: No such file or directory
rm: cannot remove ‘Res_0043.nii’: No such file or directory
rm: cannot remove ‘Res_0044.nii’: No such file or directory
rm: cannot remove ‘Res_0045.nii’: No such file or directory
rm: cannot remove ‘Res_0046.nii’: No such file or directory
rm: cannot remove ‘Res_0047.nii’: No such file or directory
rm: cannot remove ‘Res_0048.nii’: No such file or directory
rm: cannot remove ‘Res_0049.nii’: No such file or directory
rm: cannot remove ‘Res_0050.nii’: No such file or directory
rm: cannot remove ‘Res_0051.nii’: No such file or directory
rm: cannot remove ‘Res_0052.nii’: No such file or directory
rm: cannot remove ‘Res_0053.nii’: No such file or directory
rm: cannot remove ‘Res_0054.nii’: No such file or directory
rm: cannot remove ‘Res_0055.nii’: No such file or directory
rm: cannot remove ‘Res_0056.nii’: No such file or directory
rm: cannot remove ‘Res_0057.nii’: No such file or directory
rm: cannot remove ‘Res_0058.nii’: No such file or directory
rm: cannot remove ‘Res_0059.nii’: No such file or directory
rm: cannot remove ‘Res_0060.nii’: No such file or directory
rm: cannot remove ‘Res_0061.nii’: No such file or directory
rm: cannot remove ‘Res_0062.nii’: No such file or directory
rm: cannot remove ‘Res_0063.nii’: No such file or directory
rm: cannot remove ‘Res_0064.nii’: No such file or directory
rm: cannot remove ‘Res_0065.nii’: No such file or directory
rm: cannot remove ‘Res_0066.nii’: No such file or directory
rm: cannot remove ‘Res_0067.nii’: No such file or directory
rm: cannot remove ‘Res_0068.nii’: No such file or directory
rm: cannot remove ‘Res_0069.nii’: No such file or directory
rm: cannot remove ‘Res_0070.nii’: No such file or directory
rm: cannot remove ‘Res_0071.nii’: No such file or directory
rm: cannot remove ‘Res_0072.nii’: No such file or directory
rm: cannot remove ‘Res_0073.nii’: No such file or directory
rm: cannot remove ‘Res_0074.nii’: No such file or directory
rm: cannot remove ‘Res_0075.nii’: No such file or directory
rm: cannot remove ‘Res_0076.nii’: No such file or directory
rm: cannot remove ‘Res_0077.nii’: No such file or directory
rm: cannot remove ‘Res_0078.nii’: No such file or directory
rm: cannot remove ‘Res_0079.nii’: No such file or directory
rm: cannot remove ‘Res_0080.nii’: No such file or directory
rm: cannot remove ‘Res_0081.nii’: No such file or directory
rm: cannot remove ‘Res_0082.nii’: No such file or directory
rm: cannot remove ‘Res_0083.nii’: No such file or directory
rm: cannot remove ‘Res_0084.nii’: No such file or directory
rm: cannot remove ‘Res_0085.nii’: No such file or directory
rm: cannot remove ‘Res_0086.nii’: No such file or directory
rm: cannot remove ‘Res_0087.nii’: No such file or directory
rm: cannot remove ‘Res_0088.nii’: No such file or directory
rm: cannot remove ‘Res_0089.nii’: No such file or directory
rm: cannot remove ‘Res_0090.nii’: No such file or directory
rm: cannot remove ‘Res_0091.nii’: No such file or directory
rm: cannot remove ‘Res_0092.nii’: No such file or directory
rm: cannot remove ‘Res_0093.nii’: No such file or directory
rm: cannot remove ‘Res_0094.nii’: No such file or directory
rm: cannot remove ‘Res_0095.nii’: No such file or directory
rm: cannot remove ‘Res_0096.nii’: No such file or directory
rm: cannot remove ‘Res_0097.nii’: No such file or directory
rm: cannot remove ‘Res_0098.nii’: No such file or directory
rm: cannot remove ‘Res_0099.nii’: No such file or directory
rm: cannot remove ‘Res_0100.nii’: No such file or directory
rm: cannot remove ‘Res_0101.nii’: No such file or directory
rm: cannot remove ‘Res_0102.nii’: No such file or directory
rm: cannot remove ‘Res_0103.nii’: No such file or directory
rm: cannot remove ‘Res_0104.nii’: No such file or directory
rm: cannot remove ‘Res_0105.nii’: No such file or directory
rm: cannot remove ‘Res_0106.nii’: No such file or directory
rm: cannot remove ‘Res_0107.nii’: No such file or directory
rm: cannot remove ‘Res_0108.nii’: No such file or directory
rm: cannot remove ‘Res_0109.nii’: No such file or directory
rm: cannot remove ‘Res_0110.nii’: No such file or directory
rm: cannot remove ‘Res_0111.nii’: No such file or directory
rm: cannot remove ‘Res_0112.nii’: No such file or directory
rm: cannot remove ‘Res_0113.nii’: No such file or directory
rm: cannot remove ‘Res_0114.nii’: No such file or directory
rm: cannot remove ‘Res_0115.nii’: No such file or directory
rm: cannot remove ‘Res_0116.nii’: No such file or directory
rm: cannot remove ‘Res_0117.nii’: No such file or directory
rm: cannot remove ‘Res_0118.nii’: No such file or directory
rm: cannot remove ‘Res_0119.nii’: No such file or directory
rm: cannot remove ‘Res_0120.nii’: No such file or directory
rm: cannot remove ‘Res_0121.nii’: No such file or directory
rm: cannot remove ‘Res_0122.nii’: No such file or directory
merging residuals for run2
Cannot open volume Res_0123 for reading!
rm: cannot remove ‘Res_0123.nii’: No such file or directory
rm: cannot remove ‘Res_0124.nii’: No such file or directory
rm: cannot remove ‘Res_0125.nii’: No such file or directory
rm: cannot remove ‘Res_0126.nii’: No such file or directory
rm: cannot remove ‘Res_0127.nii’: No such file or directory
rm: cannot remove ‘Res_0128.nii’: No such file or directory
rm: cannot remove ‘Res_0129.nii’: No such file or directory
rm: cannot remove ‘Res_0130.nii’: No such file or directory
rm: cannot remove ‘Res_0131.nii’: No such file or directory
rm: cannot remove ‘Res_0132.nii’: No such file or directory
rm: cannot remove ‘Res_0133.nii’: No such file or directory
rm: cannot remove ‘Res_0134.nii’: No such file or directory
rm: cannot remove ‘Res_0135.nii’: No such file or directory
rm: cannot remove ‘Res_0136.nii’: No such file or directory
rm: cannot remove ‘Res_0137.nii’: No such file or directory
rm: cannot remove ‘Res_0138.nii’: No such file or directory
rm: cannot remove ‘Res_0139.nii’: No such file or directory
rm: cannot remove ‘Res_0140.nii’: No such file or directory
rm: cannot remove ‘Res_0141.nii’: No such file or directory
rm: cannot remove ‘Res_0142.nii’: No such file or directory
rm: cannot remove ‘Res_0143.nii’: No such file or directory
rm: cannot remove ‘Res_0144.nii’: No such file or directory
rm: cannot remove ‘Res_0145.nii’: No such file or directory
rm: cannot remove ‘Res_0146.nii’: No such file or directory
rm: cannot remove ‘Res_0147.nii’: No such file or directory
rm: cannot remove ‘Res_0148.nii’: No such file or directory
rm: cannot remove ‘Res_0149.nii’: No such file or directory
rm: cannot remove ‘Res_0150.nii’: No such file or directory
rm: cannot remove ‘Res_0151.nii’: No such file or directory
rm: cannot remove ‘Res_0152.nii’: No such file or directory
rm: cannot remove ‘Res_0153.nii’: No such file or directory
rm: cannot remove ‘Res_0154.nii’: No such file or directory
rm: cannot remove ‘Res_0155.nii’: No such file or directory
rm: cannot remove ‘Res_0156.nii’: No such file or directory
rm: cannot remove ‘Res_0157.nii’: No such file or directory
rm: cannot remove ‘Res_0158.nii’: No such file or directory
rm: cannot remove ‘Res_0159.nii’: No such file or directory
rm: cannot remove ‘Res_0160.nii’: No such file or directory
rm: cannot remove ‘Res_0161.nii’: No such file or directory
rm: cannot remove ‘Res_0162.nii’: No such file or directory
rm: cannot remove ‘Res_0163.nii’: No such file or directory
rm: cannot remove ‘Res_0164.nii’: No such file or directory
rm: cannot remove ‘Res_0165.nii’: No such file or directory
rm: cannot remove ‘Res_0166.nii’: No such file or directory
rm: cannot remove ‘Res_0167.nii’: No such file or directory
rm: cannot remove ‘Res_0168.nii’: No such file or directory
rm: cannot remove ‘Res_0169.nii’: No such file or directory
rm: cannot remove ‘Res_0170.nii’: No such file or directory
rm: cannot remove ‘Res_0171.nii’: No such file or directory
rm: cannot remove ‘Res_0172.nii’: No such file or directory
rm: cannot remove ‘Res_0173.nii’: No such file or directory
rm: cannot remove ‘Res_0174.nii’: No such file or directory
rm: cannot remove ‘Res_0175.nii’: No such file or directory
rm: cannot remove ‘Res_0176.nii’: No such file or directory
rm: cannot remove ‘Res_0177.nii’: No such file or directory
rm: cannot remove ‘Res_0178.nii’: No such file or directory
rm: cannot remove ‘Res_0179.nii’: No such file or directory
rm: cannot remove ‘Res_0180.nii’: No such file or directory
rm: cannot remove ‘Res_0181.nii’: No such file or directory
rm: cannot remove ‘Res_0182.nii’: No such file or directory
rm: cannot remove ‘Res_0183.nii’: No such file or directory
rm: cannot remove ‘Res_0184.nii’: No such file or directory
rm: cannot remove ‘Res_0185.nii’: No such file or directory
rm: cannot remove ‘Res_0186.nii’: No such file or directory
rm: cannot remove ‘Res_0187.nii’: No such file or directory
rm: cannot remove ‘Res_0188.nii’: No such file or directory
rm: cannot remove ‘Res_0189.nii’: No such file or directory
rm: cannot remove ‘Res_0190.nii’: No such file or directory
rm: cannot remove ‘Res_0191.nii’: No such file or directory
rm: cannot remove ‘Res_0192.nii’: No such file or directory
rm: cannot remove ‘Res_0193.nii’: No such file or directory
rm: cannot remove ‘Res_0194.nii’: No such file or directory
rm: cannot remove ‘Res_0195.nii’: No such file or directory
rm: cannot remove ‘Res_0196.nii’: No such file or directory
rm: cannot remove ‘Res_0197.nii’: No such file or directory
rm: cannot remove ‘Res_0198.nii’: No such file or directory
rm: cannot remove ‘Res_0199.nii’: No such file or directory
rm: cannot remove ‘Res_0200.nii’: No such file or directory
rm: cannot remove ‘Res_0201.nii’: No such file or directory
rm: cannot remove ‘Res_0202.nii’: No such file or directory
rm: cannot remove ‘Res_0203.nii’: No such file or directory
rm: cannot remove ‘Res_0204.nii’: No such file or directory
rm: cannot remove ‘Res_0205.nii’: No such file or directory
rm: cannot remove ‘Res_0206.nii’: No such file or directory
rm: cannot remove ‘Res_0207.nii’: No such file or directory
rm: cannot remove ‘Res_0208.nii’: No such file or directory
rm: cannot remove ‘Res_0209.nii’: No such file or directory
rm: cannot remove ‘Res_0210.nii’: No such file or directory
rm: cannot remove ‘Res_0211.nii’: No such file or directory
rm: cannot remove ‘Res_0212.nii’: No such file or directory
rm: cannot remove ‘Res_0213.nii’: No such file or directory
rm: cannot remove ‘Res_0214.nii’: No such file or directory
rm: cannot remove ‘Res_0215.nii’: No such file or directory
rm: cannot remove ‘Res_0216.nii’: No such file or directory
rm: cannot remove ‘Res_0217.nii’: No such file or directory
rm: cannot remove ‘Res_0218.nii’: No such file or directory
rm: cannot remove ‘Res_0219.nii’: No such file or directory
rm: cannot remove ‘Res_0220.nii’: No such file or directory
rm: cannot remove ‘Res_0221.nii’: No such file or directory
rm: cannot remove ‘Res_0222.nii’: No such file or directory
rm: cannot remove ‘Res_0223.nii’: No such file or directory
rm: cannot remove ‘Res_0224.nii’: No such file or directory
rm: cannot remove ‘Res_0225.nii’: No such file or directory
rm: cannot remove ‘Res_0226.nii’: No such file or directory
rm: cannot remove ‘Res_0227.nii’: No such file or directory
rm: cannot remove ‘Res_0228.nii’: No such file or directory
rm: cannot remove ‘Res_0229.nii’: No such file or directory
rm: cannot remove ‘Res_0230.nii’: No such file or directory
rm: cannot remove ‘Res_0231.nii’: No such file or directory
rm: cannot remove ‘Res_0232.nii’: No such file or directory
rm: cannot remove ‘Res_0233.nii’: No such file or directory
rm: cannot remove ‘Res_0234.nii’: No such file or directory
rm: cannot remove ‘Res_0235.nii’: No such file or directory
rm: cannot remove ‘Res_0236.nii’: No such file or directory
rm: cannot remove ‘Res_0237.nii’: No such file or directory
rm: cannot remove ‘Res_0238.nii’: No such file or directory
rm: cannot remove ‘Res_0239.nii’: No such file or directory
rm: cannot remove ‘Res_0240.nii’: No such file or directory
rm: cannot remove ‘Res_0241.nii’: No such file or directory
rm: cannot remove ‘Res_0242.nii’: No such file or directory
rm: cannot remove ‘Res_0243.nii’: No such file or directory
rm: cannot remove ‘Res_0244.nii’: No such file or directory
-------------------------------------------------------------------------------
Calculating ACF parameters
-------------------------------------------------------------------------------
calculating ACF parameters for run1
++ 3dFWHMx: AFNI version=AFNI_18.2.04 (Jul  6 2018) [64-bit]
++ Authored by: The Bob
** ERROR (nifti_image_read): failed to find header file for 'mask.nii'
[7m** FATAL ERROR:[0m Can't open dataset 'mask.nii'
** Program compile date = Jul  6 2018
calculating ACF parameters for run2
++ 3dFWHMx: AFNI version=AFNI_18.2.04 (Jul  6 2018) [64-bit]
++ Authored by: The Bob
** ERROR (nifti_image_read): failed to find header file for 'mask.nii'
[7m** FATAL ERROR:[0m Can't open dataset 'mask.nii'
** Program compile date = Jul  6 2018
-------------------------------------------------------------------------------
Averaging ACF parameters
-------------------------------------------------------------------------------
++ 3dTstat: AFNI version=AFNI_18.2.04 (Jul  6 2018) [64-bit]
++ Authored by: KR Hammett & RW Cox
** Can't read 1D dataset file ACFparameters.1D{1..$(2)}'
[7m** FATAL ERROR:[0m Can't open dataset ACFparameters.1D{1..$(2)}'
** Program compile date = Jul  6 2018
