-------------------------------------------------------------------------------
114
Running /projects/dsnlab/shared/FP/FP_scripts/fMRI/fx/models/svc/wave1/fx_betaseries.m
-------------------------------------------------------------------------------

                            < M A T L A B (R) >
                  Copyright 1984-2018 The MathWorks, Inc.
                   R2018b (9.5.0.944444) 64-bit (glnxa64)
                              August 28, 2018

 
To get started, type doc.
For product information, visit www.mathworks.com.
 


------------------------------------------------------------------------
Running job #1
------------------------------------------------------------------------
Running 'Expand image frames'
Failed  'Expand image frames'
Error using read_hdr (line 32)
Error reading header file "/projects/dsnlab/shared/FP/bids_data/derivatives/fmriprep/sub-FP114/ses-wave1/func/s2_sub-FP114_ses-wave1_task-SVC_acq-01_bold_space-MNI152NLin2009cAsym_preproc.nii".
In file "/gpfs/projects/dsnlab/shared/SPM12/@nifti/private/read_hdr.m" (v4967), function "read_hdr" at line 32.
In file "/gpfs/projects/dsnlab/shared/SPM12/@nifti/nifti.m" (v4986), function "nifti" at line 26.
In file "/gpfs/projects/dsnlab/shared/SPM12/spm_select.m" (v6530), function "spm_select_get_nbframes" at line 268.
In file "/gpfs/projects/dsnlab/shared/SPM12/spm_select.m" (v6530), function "spm_select_expand" at line 254.
In file "/gpfs/projects/dsnlab/shared/SPM12/spm_select.m" (v6530), function "spm_select" at line 130.
In file "/gpfs/projects/dsnlab/shared/SPM12/config/spm_cfg_exp_frames.m" (v5956), function "run_frames" at line 46.

Running 'Expand image frames'
Failed  'Expand image frames'
Error using read_hdr (line 32)
Error reading header file "/projects/dsnlab/shared/FP/bids_data/derivatives/fmriprep/sub-FP114/ses-wave1/func/s2_sub-FP114_ses-wave1_task-SVC_acq-02_bold_space-MNI152NLin2009cAsym_preproc.nii".
In file "/gpfs/projects/dsnlab/shared/SPM12/@nifti/private/read_hdr.m" (v4967), function "read_hdr" at line 32.
In file "/gpfs/projects/dsnlab/shared/SPM12/@nifti/nifti.m" (v4986), function "nifti" at line 26.
In file "/gpfs/projects/dsnlab/shared/SPM12/spm_select.m" (v6530), function "spm_select_get_nbframes" at line 268.
In file "/gpfs/projects/dsnlab/shared/SPM12/spm_select.m" (v6530), function "spm_select_expand" at line 254.
In file "/gpfs/projects/dsnlab/shared/SPM12/spm_select.m" (v6530), function "spm_select" at line 130.
In file "/gpfs/projects/dsnlab/shared/SPM12/config/spm_cfg_exp_frames.m" (v5956), function "run_frames" at line 46.

No executable modules, but still unresolved dependencies or incomplete module inputs.
The following modules did not run:
Failed: Expand image frames
Failed: Expand image frames
Skipped: fMRI model specification
Skipped: Model estimation

{Error using MATLABbatch system
Job execution failed. The full log of this run can be found in MATLAB command
window, starting with the lines (look for the line showing the exact #job as
displayed in this error message)
------------------
Running job #1
------------------
} 
