-------------------------------------------------------------------------------
FP033
Running 
Sat Jan  5 11:55:31 PST 2019
-------------------------------------------------------------------------------
++ 3dAllineate: AFNI version=AFNI_18.2.04 (Jul  6 2018) [64-bit]
++ Authored by: Zhark the Registrator
** ERROR (nifti_image_read): failed to find header file for '/projects/dsnlab/shared/FP/bids_data/derivatives/freesurfer/sub-FP033/mri/fromannots/pgACC.nii.gz'
[7m** FATAL ERROR:[0m can't open --source dataset '/projects/dsnlab/shared/FP/bids_data/derivatives/freesurfer/sub-FP033/mri/fromannots/pgACC.nii.gz' :-(
** Program compile date = Jul  6 2018
[7m** FATAL ERROR:[0m Cannot open mask dataset!
** Program compile date = Jul  6 2018
++ 3dAllineate: AFNI version=AFNI_18.2.04 (Jul  6 2018) [64-bit]
++ Authored by: Zhark the Registrator
** ERROR (nifti_image_read): failed to find header file for '/projects/dsnlab/shared/FP/bids_data/derivatives/freesurfer/sub-FP033/mri/fromannots/vmPFC.nii.gz'
[7m** FATAL ERROR:[0m can't open --source dataset '/projects/dsnlab/shared/FP/bids_data/derivatives/freesurfer/sub-FP033/mri/fromannots/vmPFC.nii.gz' :-(
** Program compile date = Jul  6 2018
[7m** FATAL ERROR:[0m Cannot open mask dataset!
** Program compile date = Jul  6 2018
++ 3dAllineate: AFNI version=AFNI_18.2.04 (Jul  6 2018) [64-bit]
++ Authored by: Zhark the Registrator
++ Source dataset: /projects/dsnlab/shared/FP/bids_data/derivatives/freesurfer/sub-FP033/mri/fromannots/VS.nii.gz
++ Base dataset:   (not given)
++ Loading datasets
++ OpenMP thread count = 1
++ ========== Applying transformation to 1 sub-bricks ==========
[7m** ERROR:[0m output dataset name 'aligned_VS' conflicts with existing file
[7m** ERROR:[0m dataset NOT written to disk!
++ 3dAllineate: total CPU time = 0.0 sec  Elapsed = 1.6
++ ###########################################################
++ 3dmaskdump: AFNI version=AFNI_18.2.04 (Jul  6 2018) [64-bit]
++ 1331 voxels in the mask
[7m*+ WARNING:[0m file /projects/dsnlab/shared/FP/nonbids_data/fMRI/fx/models/svc/wave1/betaseries/sub-FP033/task_betas.nii.gz: corrected 59303880 float errors
++ 3dAllineate: AFNI version=AFNI_18.2.04 (Jul  6 2018) [64-bit]
++ Authored by: Zhark the Registrator
++ Source dataset: /projects/dsnlab/shared/FP/bids_data/derivatives/freesurfer/sub-FP033/mri/fromannots/NAcc.nii.gz
++ Base dataset:   (not given)
++ Loading datasets
++ OpenMP thread count = 1
++ ========== Applying transformation to 1 sub-bricks ==========
[7m** ERROR:[0m output dataset name 'aligned_NAcc' conflicts with existing file
[7m** ERROR:[0m dataset NOT written to disk!
++ 3dAllineate: total CPU time = 0.0 sec  Elapsed = 1.6
++ ###########################################################
++ 3dmaskdump: AFNI version=AFNI_18.2.04 (Jul  6 2018) [64-bit]
++ 154 voxels in the mask
[7m*+ WARNING:[0m file /projects/dsnlab/shared/FP/nonbids_data/fMRI/fx/models/svc/wave1/betaseries/sub-FP033/task_betas.nii.gz: corrected 59303880 float errors
++ 3dAllineate: AFNI version=AFNI_18.2.04 (Jul  6 2018) [64-bit]
++ Authored by: Zhark the Registrator
++ Source dataset: /projects/dsnlab/shared/FP/bids_data/derivatives/freesurfer/sub-FP033/mri/fromannots/putamen.nii.gz
++ Base dataset:   (not given)
++ Loading datasets
++ OpenMP thread count = 1
++ ========== Applying transformation to 1 sub-bricks ==========
[7m** ERROR:[0m output dataset name 'aligned_putamen' conflicts with existing file
[7m** ERROR:[0m dataset NOT written to disk!
++ 3dAllineate: total CPU time = 0.0 sec  Elapsed = 1.6
++ ###########################################################
++ 3dmaskdump: AFNI version=AFNI_18.2.04 (Jul  6 2018) [64-bit]
++ 1177 voxels in the mask
[7m*+ WARNING:[0m file /projects/dsnlab/shared/FP/nonbids_data/fMRI/fx/models/svc/wave1/betaseries/sub-FP033/task_betas.nii.gz: corrected 59303880 float errors
