-------------------------------------------------------------------------------
FP082
Running 
Sat Jan  5 11:55:31 PST 2019
-------------------------------------------------------------------------------
++ 3dAllineate: AFNI version=AFNI_18.2.04 (Jul  6 2018) [64-bit]
++ Authored by: Zhark the Registrator
++ Source dataset: /projects/dsnlab/shared/FP/bids_data/derivatives/freesurfer/sub-FP082/mri/fromannots/pgACC.nii.gz
++ Base dataset:   (not given)
++ Loading datasets
++ OpenMP thread count = 1
++ ========== Applying transformation to 1 sub-bricks ==========
[7m** ERROR:[0m output dataset name 'aligned_pgACC' conflicts with existing file
[7m** ERROR:[0m dataset NOT written to disk!
++ 3dAllineate: total CPU time = 0.0 sec  Elapsed = 0.9
++ ###########################################################
++ 3dmaskdump: AFNI version=AFNI_18.2.04 (Jul  6 2018) [64-bit]
++ 703 voxels in the mask
[7m*+ WARNING:[0m file /projects/dsnlab/shared/FP/nonbids_data/fMRI/fx/models/svc/wave1/betaseries/sub-FP082/task_betas.nii.gz: corrected 59303880 float errors
++ 3dAllineate: AFNI version=AFNI_18.2.04 (Jul  6 2018) [64-bit]
++ Authored by: Zhark the Registrator
++ Source dataset: /projects/dsnlab/shared/FP/bids_data/derivatives/freesurfer/sub-FP082/mri/fromannots/vmPFC.nii.gz
++ Base dataset:   (not given)
++ Loading datasets
++ OpenMP thread count = 1
++ ========== Applying transformation to 1 sub-bricks ==========
[7m** ERROR:[0m output dataset name 'aligned_vmPFC' conflicts with existing file
[7m** ERROR:[0m dataset NOT written to disk!
++ 3dAllineate: total CPU time = 0.0 sec  Elapsed = 0.8
++ ###########################################################
++ 3dmaskdump: AFNI version=AFNI_18.2.04 (Jul  6 2018) [64-bit]
++ 1105 voxels in the mask
[7m*+ WARNING:[0m file /projects/dsnlab/shared/FP/nonbids_data/fMRI/fx/models/svc/wave1/betaseries/sub-FP082/task_betas.nii.gz: corrected 59303880 float errors
++ 3dAllineate: AFNI version=AFNI_18.2.04 (Jul  6 2018) [64-bit]
++ Authored by: Zhark the Registrator
++ Source dataset: /projects/dsnlab/shared/FP/bids_data/derivatives/freesurfer/sub-FP082/mri/fromannots/VS.nii.gz
++ Base dataset:   (not given)
++ Loading datasets
++ OpenMP thread count = 1
++ ========== Applying transformation to 1 sub-bricks ==========
[7m** ERROR:[0m output dataset name 'aligned_VS' conflicts with existing file
[7m** ERROR:[0m dataset NOT written to disk!
++ 3dAllineate: total CPU time = 0.0 sec  Elapsed = 0.6
++ ###########################################################
++ 3dmaskdump: AFNI version=AFNI_18.2.04 (Jul  6 2018) [64-bit]
++ 1633 voxels in the mask
[7m*+ WARNING:[0m file /projects/dsnlab/shared/FP/nonbids_data/fMRI/fx/models/svc/wave1/betaseries/sub-FP082/task_betas.nii.gz: corrected 59303880 float errors
++ 3dAllineate: AFNI version=AFNI_18.2.04 (Jul  6 2018) [64-bit]
++ Authored by: Zhark the Registrator
++ Source dataset: /projects/dsnlab/shared/FP/bids_data/derivatives/freesurfer/sub-FP082/mri/fromannots/NAcc.nii.gz
++ Base dataset:   (not given)
++ Loading datasets
++ OpenMP thread count = 1
++ ========== Applying transformation to 1 sub-bricks ==========
[7m** ERROR:[0m output dataset name 'aligned_NAcc' conflicts with existing file
[7m** ERROR:[0m dataset NOT written to disk!
++ 3dAllineate: total CPU time = 0.0 sec  Elapsed = 0.6
++ ###########################################################
++ 3dmaskdump: AFNI version=AFNI_18.2.04 (Jul  6 2018) [64-bit]
++ 168 voxels in the mask
[7m*+ WARNING:[0m file /projects/dsnlab/shared/FP/nonbids_data/fMRI/fx/models/svc/wave1/betaseries/sub-FP082/task_betas.nii.gz: corrected 59303880 float errors
++ 3dAllineate: AFNI version=AFNI_18.2.04 (Jul  6 2018) [64-bit]
++ Authored by: Zhark the Registrator
++ Source dataset: /projects/dsnlab/shared/FP/bids_data/derivatives/freesurfer/sub-FP082/mri/fromannots/putamen.nii.gz
++ Base dataset:   (not given)
++ Loading datasets
++ OpenMP thread count = 1
++ ========== Applying transformation to 1 sub-bricks ==========
[7m** ERROR:[0m output dataset name 'aligned_putamen' conflicts with existing file
[7m** ERROR:[0m dataset NOT written to disk!
++ 3dAllineate: total CPU time = 0.0 sec  Elapsed = 0.6
++ ###########################################################
++ 3dmaskdump: AFNI version=AFNI_18.2.04 (Jul  6 2018) [64-bit]
++ 1465 voxels in the mask
[7m*+ WARNING:[0m file /projects/dsnlab/shared/FP/nonbids_data/fMRI/fx/models/svc/wave1/betaseries/sub-FP082/task_betas.nii.gz: corrected 59303880 float errors
